License checkout took 0.053 sec
Momentum MomEngine_64 12.00.024 (*) built: Jan 14 2016
Copyright 1992-2016, Keysight Technologies
Simulation started on: Wed Nov 22 22:10:58 2023
Simulation Mode: uW
Substrate valid
Using the minimal snap distance of 0.0004 mm
(4 layout resolution points) for layout healing.

--- WARNING -------------------------------------------------------------------

Layout healing changed the layout. The actual
highest aggregate snap distance was 0.0002 mm.
Further details have been written to the DRC
report.

-------------------------------------------------------------------------------
Layout simplification started
.........|.........|.........|.........| 
Layout simplification finished

--- WARNING -------------------------------------------------------------------

The port setup needed to be corrected:
TML calibration for port "P16" has been changed
to TML (zero length) calibration because the
transmission line of pin "P16" would otherwise
intersect with the layout.

-------------------------------------------------------------------------------

--- WARNING -------------------------------------------------------------------

The port setup needed to be corrected:
TML calibration for port "P14" has been changed
to TML (zero length) calibration because the
transmission line of pin "P14" would otherwise
intersect with the layout.

-------------------------------------------------------------------------------

--- WARNING -------------------------------------------------------------------

The port setup needed to be corrected:
TML calibration for port "P29" has been changed
to TML (zero length) calibration because the
transmission line of pin "P29" would otherwise
intersect with the layout.

-------------------------------------------------------------------------------

--- WARNING -------------------------------------------------------------------

The port setup needed to be corrected:
TML calibration for port "P5" has been changed
to TML (zero length) calibration because the
transmission line of pin "P5" would otherwise
intersect with the layout.

-------------------------------------------------------------------------------

--- WARNING -------------------------------------------------------------------

The port setup needed to be corrected:
TML calibration for port "P18" has been changed
to TML (zero length) calibration because the
transmission line of pin "P18" would otherwise
intersect with the layout.

-------------------------------------------------------------------------------

--- WARNING -------------------------------------------------------------------

The port setup needed to be corrected:
TML calibration for port "P7" has been changed
to TML (zero length) calibration because the
transmission line of pin "P7" would otherwise
intersect with the layout.

-------------------------------------------------------------------------------

--- WARNING -------------------------------------------------------------------

The port setup needed to be corrected:
TML calibration for port "P8" has been changed
to TML (zero length) calibration because the
transmission line of pin "P8" would otherwise
intersect with the layout.

-------------------------------------------------------------------------------

--- WARNING -------------------------------------------------------------------

The port setup needed to be corrected:
TML calibration for port "P23" has been changed
to TML (zero length) calibration because the
transmission line of pin "P23" would otherwise
intersect with the layout.

-------------------------------------------------------------------------------

--- WARNING -------------------------------------------------------------------

The port setup needed to be corrected:
TML calibration for port "P20" has been changed
to TML (zero length) calibration because the
transmission line of pin "P20" would otherwise
intersect with the layout.

-------------------------------------------------------------------------------

--- WARNING -------------------------------------------------------------------

The port setup needed to be corrected:
TML calibration for port "P12" has been changed
to TML (zero length) calibration because the
transmission line of pin "P12" would otherwise
intersect with the layout.

-------------------------------------------------------------------------------

--- WARNING -------------------------------------------------------------------

The port setup needed to be corrected:
TML calibration for port "P26" has been changed
to TML (zero length) calibration because the
transmission line of pin "P26" would otherwise
intersect with the layout.

-------------------------------------------------------------------------------

--- WARNING -------------------------------------------------------------------

The port setup needed to be corrected:
TML calibration for port "P21" has been changed
to TML (zero length) calibration because the
transmission line of pin "P21" would otherwise
intersect with the layout.

-------------------------------------------------------------------------------

--- WARNING -------------------------------------------------------------------

The port setup needed to be corrected:
TML calibration for port "P4" has been changed
to TML (zero length) calibration because the
transmission line of pin "P4" would otherwise
intersect with the layout.

-------------------------------------------------------------------------------

--- WARNING -------------------------------------------------------------------

The port setup needed to be corrected:
TML calibration for port "P19" has been changed
to TML (zero length) calibration because the
transmission line of pin "P19" would otherwise
intersect with the layout.

-------------------------------------------------------------------------------

--- WARNING -------------------------------------------------------------------

The port setup needed to be corrected:
TML calibration for port "P2" has been changed
to TML (zero length) calibration because the
transmission line of pin "P2" would otherwise
intersect with the layout.

-------------------------------------------------------------------------------

--- WARNING -------------------------------------------------------------------

The port setup needed to be corrected:
TML calibration for port "P28" has been changed
to TML (zero length) calibration because the
transmission line of pin "P28" would otherwise
intersect with the layout.

-------------------------------------------------------------------------------

--- WARNING -------------------------------------------------------------------

The port setup needed to be corrected:
TML calibration for port "P17" has been changed
to TML (zero length) calibration because the
transmission line of pin "P17" would otherwise
intersect with the layout.

-------------------------------------------------------------------------------

--- WARNING -------------------------------------------------------------------

The port setup needed to be corrected:
TML calibration for port "P10" has been changed
to TML (zero length) calibration because the
transmission line of pin "P10" would otherwise
intersect with the layout.

-------------------------------------------------------------------------------

--- WARNING -------------------------------------------------------------------

The port setup needed to be corrected:
TML calibration for port "P13" has been changed
to TML (zero length) calibration because the
transmission line of pin "P13" would otherwise
intersect with the layout.

-------------------------------------------------------------------------------

--- WARNING -------------------------------------------------------------------

The port setup needed to be corrected:
TML calibration for port "P15" has been changed
to TML (zero length) calibration because the
transmission line of pin "P15" would otherwise
intersect with the layout.

-------------------------------------------------------------------------------

--- WARNING -------------------------------------------------------------------

The port setup needed to be corrected:
TML calibration for port "P31" has been changed
to TML (zero length) calibration because the
transmission line of pin "P31" would otherwise
intersect with the layout.

-------------------------------------------------------------------------------

--- WARNING -------------------------------------------------------------------

The port setup needed to be corrected:
TML calibration for port "P6" has been changed
to TML (zero length) calibration because the
transmission line of pin "P6" would otherwise
intersect with the layout.

-------------------------------------------------------------------------------
Generating mesh at 2.5 GHz...
License checkout took 0.045 sec
S-parameter simulation
S-parameter simulation started
...initializing
...extracting layout
...expanding thick conductors
...analyzing ports

--- WARNING -------------------------------------------------------------------

The 2D port solver data is not available for 
thick conductor feedlines, using default values (50 Ohm) 
for the transmission line parameters.

-------------------------------------------------------------------------------
Automatic selection: direct compressed matrix solver
Using multi-threading (8 threads)
Matrix size: 15358 (reduced: 15358)
Frequency sweep started
Simulation frequency [1] = 2.4 GHz
...loading Green functions
...creating Basis sections
...allocating interaction matrix
...loading interaction matrix
.........|.........|.........|.........| 
...solving interaction matrix
.........|.........|.........|.........| 
...calibrating ports
.........|.........|.........|.........| 
...calculating S-parameters
Simulation frequency [2] = 2.405 GHz
...loading Green functions
...loading interaction matrix
.........|.........|.........|.........| 
...solving interaction matrix
.........|.........|.........|.........| 
...calibrating ports
.........|.........|.........|.........| 
...calculating S-parameters
Simulation frequency [3] = 2.41 GHz
...loading Green functions
...loading interaction matrix
.........|.........|.........|.........| 
...solving interaction matrix
.........|.........|.........|.........| 
...calibrating ports
.........|.........|.........|.........| 
...calculating S-parameters
Simulation frequency [4] = 2.415 GHz
...loading Green functions
...loading interaction matrix
.........|.........|.........|.........| 
...solving interaction matrix
.........|.........|.........|.........| 
...calibrating ports
.........|.........|.........|.........| 
...calculating S-parameters
Simulation frequency [5] = 2.42 GHz
...loading Green functions
...loading interaction matrix
.........|.........|.........|.........| 
...solving interaction matrix
.........|.........|.........|.........| 
...calibrating ports
.........|.........|.........|.........| 
...calculating S-parameters
Simulation frequency [6] = 2.425 GHz
...loading Green functions
...loading interaction matrix
.........|.........|.........|.........| 
...solving interaction matrix
.........|.........|.........|.........| 
...calibrating ports
.........|.........|.........|.........| 
...calculating S-parameters
Simulation frequency [7] = 2.43 GHz
...loading Green functions
...loading interaction matrix
.........|.........|.........|.........| 
...solving interaction matrix
.........|.........|.........|.........| 
...calibrating ports
.........|.........|.........|.........| 
...calculating S-parameters
Simulation frequency [8] = 2.435 GHz
...loading Green functions
...loading interaction matrix
.........|.........|.........|.........| 
...solving interaction matrix
.........|.........|.........|.........| 
...calibrating ports
.........|.........|.........|.........| 
...calculating S-parameters
Simulation frequency [9] = 2.44 GHz
...loading Green functions
...loading interaction matrix
.........|.........|.........|.........| 
...solving interaction matrix
.........|.........|.........|.........| 
...calibrating ports
.........|.........|.........|.........| 
...calculating S-parameters
Simulation frequency [10] = 2.445 GHz
...loading Green functions
...loading interaction matrix
.........|.........|.........|.........| 
...solving interaction matrix
.........|.........|.........|.........| 
...calibrating ports
.........|.........|.........|.........| 
...calculating S-parameters
Simulation frequency [11] = 2.45 GHz
...loading Green functions
...loading interaction matrix
.........|.........|.........|.........| 
...solving interaction matrix
.........|.........|.........|.........| 
...calibrating ports
.........|.........|.........|.........| 
...calculating S-parameters
Simulation frequency [12] = 2.455 GHz
...loading Green functions
...loading interaction matrix
.........|.........|.........|.........| 
...solving interaction matrix
.........|.........|.........|.........| 
...calibrating ports
.........|.........|.........|.........| 
...calculating S-parameters
Simulation frequency [13] = 2.46 GHz
...loading Green functions
...loading interaction matrix
.........|.........|.........|.........| 
...solving interaction matrix
.........|.........|.........|.........| 
...calibrating ports
.........|.........|.........|.........| 
...calculating S-parameters
Simulation frequency [14] = 2.465 GHz
...loading Green functions
...loading interaction matrix
.........|.........|.........|.........| 
...solving interaction matrix
.........|.........|.........|.........| 
...calibrating ports
.........|.........|.........|.........| 
...calculating S-parameters
Simulation frequency [15] = 2.47 GHz
...loading Green functions
...loading interaction matrix
.........|.........|.........|.........| 
...solving interaction matrix
.........|.........|.........|.........| 
...calibrating ports
.........|.........|.........|.........| 
...calculating S-parameters
Simulation frequency [16] = 2.475 GHz
...loading Green functions
...loading interaction matrix
.........|.........|.........|.........| 
...solving interaction matrix
.........|.........|.........|.........| 
...calibrating ports
.........|.........|.........|.........| 
...calculating S-parameters
Simulation frequency [17] = 2.48 GHz
...loading Green functions
...loading interaction matrix
.........|.........|.........|.........| 
...solving interaction matrix
.........|.........|.........|.........| 
...calibrating ports
.........|.........|.........|.........| 
...calculating S-parameters
Simulation frequency [18] = 2.485 GHz
...loading Green functions
...loading interaction matrix
.........|.........|.........|.........| 
...solving interaction matrix
.........|.........|.........|.........| 
...calibrating ports
.........|.........|.........|.........| 
...calculating S-parameters
Simulation frequency [19] = 2.49 GHz
...loading Green functions
...loading interaction matrix
.........|.........|.........|.........| 
...solving interaction matrix
.........|.........|.........|.........| 
...calibrating ports
.........|.........|.........|.........| 
...calculating S-parameters
Simulation frequency [20] = 2.495 GHz
...loading Green functions
...loading interaction matrix
.........|.........|.........|.........| 
...solving interaction matrix
.........|.........|.........|.........| 
...calibrating ports
.........|.........|.........|.........| 
...calculating S-parameters
Simulation frequency [21] = 2.5 GHz
...loading Green functions
...loading interaction matrix
.........|.........|.........|.........| 
...solving interaction matrix
.........|.........|.........|.........| 
...calibrating ports
.........|.........|.........|.........| 
...calculating S-parameters
S-parameter simulation finished
Simulation finished on: Wed Nov 22 22:54:57 2023
The simulation results have been saved in dataset "phase_shifter_slim_MomUW".
