11-22 22:35:33 com_github_MitjaNemec_ReplicateLayout.action_replicate_layout 359:Plugin executed on: 'win32'
11-22 22:35:33 com_github_MitjaNemec_ReplicateLayout.action_replicate_layout 360:Plugin executed with python version: '3.9.10 (main, Feb 11 2022, 04:18:11) [MSC v.1928 64 bit (AMD64)]'
11-22 22:35:33 com_github_MitjaNemec_ReplicateLayout.action_replicate_layout 361:KiCad build version: (6.0.2)
11-22 22:35:33 com_github_MitjaNemec_ReplicateLayout.action_replicate_layout 362:Plugin version: 1.3.5
11-22 22:35:33 com_github_MitjaNemec_ReplicateLayout.action_replicate_layout 363:Frame repr: <wx._core.Frame object at 0x00000213D4E03670>
11-22 22:35:33 com_github_MitjaNemec_ReplicateLayout.action_replicate_layout 387:Preparing replicator with S1 as a reference
11-22 22:35:33 com_github_MitjaNemec_ReplicateLayout.replicate_layout 113:getting a list of all footprints on board
11-22 22:35:33 com_github_MitjaNemec_ReplicateLayout.action_replicate_layout 435:source anchor footprint is 'S1'
Located on: ['RF domain', 'rf']
With filenames: ['rf.kicad_sch', 'single_rf_switch.kicad_sch']
With sheet_id:['RF domain', 'rf']
11-22 22:35:33 com_github_MitjaNemec_ReplicateLayout.action_replicate_layout 442:Corresponding footprints are 
[('S15', ['RF domain', 'rf7']), ('S13', ['RF domain', 'rf6']), ('S11', ['RF domain', 'rf5']), ('S9', ['RF domain', 'rf4']), ('S7', ['RF domain', 'rf3']), ('S5', ['RF domain', 'rf2']), ('S3', ['RF domain', 'rf1']), ('S1', ['RF domain', 'rf'])]
11-22 22:35:33 com_github_MitjaNemec_ReplicateLayout.action_replicate_layout 454:Showing dialog
11-22 22:35:33 com_github_MitjaNemec_ReplicateLayout.replicate_layout 391:constructing a list of sheets suitable for replication on level:'rf', file:'single_rf_switch.kicad_sch'
11-22 22:35:33 com_github_MitjaNemec_ReplicateLayout.replicate_layout 428:suitable sheets are:[['RF domain', 'rf1'], ['RF domain', 'rf2'], ['RF domain', 'rf3'], ['RF domain', 'rf4'], ['RF domain', 'rf5'], ['RF domain', 'rf6'], ['RF domain', 'rf7']]
11-22 22:35:33 com_github_MitjaNemec_ReplicateLayout.replicate_layout 1356:Level selected: ['RF domain', 'rf']
11-22 22:35:33 com_github_MitjaNemec_ReplicateLayout.replicate_layout 1191:Filtering list of tracks
11-22 22:35:33 com_github_MitjaNemec_ReplicateLayout.action_replicate_layout 460:Toolbar position: wx.Point(1200, 88)
11-22 22:35:33 com_github_MitjaNemec_ReplicateLayout.action_replicate_layout 465:Dialog position: wx.Point(836, 88)
11-22 22:35:39 com_github_MitjaNemec_ReplicateLayout.replicate_layout 391:constructing a list of sheets suitable for replication on level:'rf', file:'single_rf_switch.kicad_sch'
11-22 22:35:39 com_github_MitjaNemec_ReplicateLayout.replicate_layout 428:suitable sheets are:[['RF domain', 'rf1'], ['RF domain', 'rf2'], ['RF domain', 'rf3'], ['RF domain', 'rf4'], ['RF domain', 'rf5'], ['RF domain', 'rf6'], ['RF domain', 'rf7']]
11-22 22:35:39 com_github_MitjaNemec_ReplicateLayout.replicate_layout 1356:Level selected: ['RF domain', 'rf']
11-22 22:35:39 com_github_MitjaNemec_ReplicateLayout.replicate_layout 1191:Filtering list of tracks
11-22 22:35:39 com_github_MitjaNemec_ReplicateLayout.replicate_layout 391:constructing a list of sheets suitable for replication on level:'rf', file:'single_rf_switch.kicad_sch'
11-22 22:35:39 com_github_MitjaNemec_ReplicateLayout.replicate_layout 428:suitable sheets are:[['RF domain', 'rf1'], ['RF domain', 'rf2'], ['RF domain', 'rf3'], ['RF domain', 'rf4'], ['RF domain', 'rf5'], ['RF domain', 'rf6'], ['RF domain', 'rf7']]
11-22 22:35:40 com_github_MitjaNemec_ReplicateLayout.replicate_layout 1356:Level selected: ['RF domain', 'rf']
11-22 22:35:40 com_github_MitjaNemec_ReplicateLayout.replicate_layout 1191:Filtering list of tracks
11-22 22:35:40 com_github_MitjaNemec_ReplicateLayout.replicate_layout 391:constructing a list of sheets suitable for replication on level:'rf', file:'single_rf_switch.kicad_sch'
11-22 22:35:40 com_github_MitjaNemec_ReplicateLayout.replicate_layout 428:suitable sheets are:[['RF domain', 'rf1'], ['RF domain', 'rf2'], ['RF domain', 'rf3'], ['RF domain', 'rf4'], ['RF domain', 'rf5'], ['RF domain', 'rf6'], ['RF domain', 'rf7']]
11-22 22:35:40 com_github_MitjaNemec_ReplicateLayout.replicate_layout 1356:Level selected: ['RF domain', 'rf']
11-22 22:35:40 com_github_MitjaNemec_ReplicateLayout.replicate_layout 1191:Filtering list of tracks
11-22 22:35:40 com_github_MitjaNemec_ReplicateLayout.replicate_layout 391:constructing a list of sheets suitable for replication on level:'rf', file:'single_rf_switch.kicad_sch'
11-22 22:35:40 com_github_MitjaNemec_ReplicateLayout.replicate_layout 428:suitable sheets are:[['RF domain', 'rf1'], ['RF domain', 'rf2'], ['RF domain', 'rf3'], ['RF domain', 'rf4'], ['RF domain', 'rf5'], ['RF domain', 'rf6'], ['RF domain', 'rf7']]
11-22 22:35:41 com_github_MitjaNemec_ReplicateLayout.replicate_layout 1356:Level selected: ['RF domain', 'rf']
11-22 22:35:41 com_github_MitjaNemec_ReplicateLayout.replicate_layout 1191:Filtering list of tracks
11-22 22:35:42 com_github_MitjaNemec_ReplicateLayout.replicate_layout 391:constructing a list of sheets suitable for replication on level:'rf', file:'single_rf_switch.kicad_sch'
11-22 22:35:42 com_github_MitjaNemec_ReplicateLayout.replicate_layout 428:suitable sheets are:[['RF domain', 'rf1'], ['RF domain', 'rf2'], ['RF domain', 'rf3'], ['RF domain', 'rf4'], ['RF domain', 'rf5'], ['RF domain', 'rf6'], ['RF domain', 'rf7']]
11-22 22:35:42 com_github_MitjaNemec_ReplicateLayout.replicate_layout 1356:Level selected: ['RF domain', 'rf']
11-22 22:35:42 com_github_MitjaNemec_ReplicateLayout.replicate_layout 1191:Filtering list of tracks
11-22 22:36:01 com_github_MitjaNemec_ReplicateLayout.replicate_layout 391:constructing a list of sheets suitable for replication on level:'rf', file:'single_rf_switch.kicad_sch'
11-22 22:36:01 com_github_MitjaNemec_ReplicateLayout.replicate_layout 428:suitable sheets are:[['RF domain', 'rf1'], ['RF domain', 'rf2'], ['RF domain', 'rf3'], ['RF domain', 'rf4'], ['RF domain', 'rf5'], ['RF domain', 'rf6'], ['RF domain', 'rf7']]
11-22 22:36:01 com_github_MitjaNemec_ReplicateLayout.action_replicate_layout 207:Replicating layout
11-22 22:36:01 com_github_MitjaNemec_ReplicateLayout.replicate_layout 237:Starting replication of sheets: [['RF domain', 'rf1'], ['RF domain', 'rf2'], ['RF domain', 'rf3'], ['RF domain', 'rf4'], ['RF domain', 'rf5'], ['RF domain', 'rf6'], ['RF domain', 'rf7']]
on level: ['RF domain', 'rf']
with tracks=True, zone=True, text=True, text=True, intersecting=True, remove=True, locked footprints=False, group_only=False
11-22 22:36:01 root 299:updating GUI message: 'Preparing for replication'
11-22 22:36:01 root 304:updating GUI with: 0
11-22 22:36:01 com_github_MitjaNemec_ReplicateLayout.replicate_layout 307:Getting the list of source footprints
11-22 22:36:01 com_github_MitjaNemec_ReplicateLayout.replicate_layout 317:Getting the list of all the remaining footprints
11-22 22:36:01 com_github_MitjaNemec_ReplicateLayout.replicate_layout 324:Getting source tracks
11-22 22:36:01 com_github_MitjaNemec_ReplicateLayout.replicate_layout 1191:Filtering list of tracks
11-22 22:36:01 com_github_MitjaNemec_ReplicateLayout.replicate_layout 328:Getting source zones
11-22 22:36:01 root 304:updating GUI with: 50
11-22 22:36:01 com_github_MitjaNemec_ReplicateLayout.replicate_layout 332:Getting source text items
11-22 22:36:01 com_github_MitjaNemec_ReplicateLayout.replicate_layout 336:Getting source drawing items
11-22 22:36:01 com_github_MitjaNemec_ReplicateLayout.replicate_layout 269:Removing tracks and zones, before footprint placement
11-22 22:36:01 root 299:updating GUI message: 'Removing zones and tracks'
11-22 22:36:01 com_github_MitjaNemec_ReplicateLayout.replicate_layout 1137:Remove bounding box top:37545000, bottom:42895000, Left:35110000, Right:45380000
11-22 22:36:01 root 304:updating GUI with: 14
11-22 22:36:01 com_github_MitjaNemec_ReplicateLayout.replicate_layout 1137:Remove bounding box top:27685000, bottom:33035000, Left:19900000, Right:30170000
11-22 22:36:01 com_github_MitjaNemec_ReplicateLayout.replicate_layout 1137:Remove bounding box top:17825000, bottom:23175000, Left:50320000, Right:60590000
11-22 22:36:01 root 304:updating GUI with: 42
11-22 22:36:01 com_github_MitjaNemec_ReplicateLayout.replicate_layout 1137:Remove bounding box top:27685000, bottom:33035000, Left:35110000, Right:45380000
11-22 22:36:01 com_github_MitjaNemec_ReplicateLayout.replicate_layout 1137:Remove bounding box top:17825000, bottom:23175000, Left:19900000, Right:30170000
11-22 22:36:01 root 304:updating GUI with: 71
11-22 22:36:01 com_github_MitjaNemec_ReplicateLayout.replicate_layout 1137:Remove bounding box top:17825000, bottom:23175000, Left:35110000, Right:45380000
11-22 22:36:01 com_github_MitjaNemec_ReplicateLayout.replicate_layout 1137:Remove bounding box top:37545000, bottom:42895000, Left:19900000, Right:30170000
11-22 22:36:01 root 299:updating GUI message: 'Replicating footprints'
11-22 22:36:01 root 304:updating GUI with: 0
11-22 22:36:01 com_github_MitjaNemec_ReplicateLayout.replicate_layout 742:Replicating footprints
11-22 22:36:01 com_github_MitjaNemec_ReplicateLayout.replicate_layout 748:Replicating footprints on sheet ['RF domain', 'rf1']
11-22 22:36:01 com_github_MitjaNemec_ReplicateLayout.replicate_layout 748:Replicating footprints on sheet ['RF domain', 'rf2']
11-22 22:36:01 root 304:updating GUI with: 26
11-22 22:36:01 com_github_MitjaNemec_ReplicateLayout.replicate_layout 748:Replicating footprints on sheet ['RF domain', 'rf3']
11-22 22:36:01 com_github_MitjaNemec_ReplicateLayout.replicate_layout 748:Replicating footprints on sheet ['RF domain', 'rf4']
11-22 22:36:01 com_github_MitjaNemec_ReplicateLayout.replicate_layout 748:Replicating footprints on sheet ['RF domain', 'rf5']
11-22 22:36:01 root 304:updating GUI with: 58
11-22 22:36:01 com_github_MitjaNemec_ReplicateLayout.replicate_layout 748:Replicating footprints on sheet ['RF domain', 'rf6']
11-22 22:36:01 com_github_MitjaNemec_ReplicateLayout.replicate_layout 748:Replicating footprints on sheet ['RF domain', 'rf7']
11-22 22:36:01 root 304:updating GUI with: 94
11-22 22:36:01 com_github_MitjaNemec_ReplicateLayout.replicate_layout 277:Removing tracks and zones, after footprint placement
11-22 22:36:01 root 299:updating GUI message: 'Removing zones and tracks'
11-22 22:36:01 com_github_MitjaNemec_ReplicateLayout.replicate_layout 1137:Remove bounding box top:41485000, bottom:47065000, Left:39020000, Right:48305000
11-22 22:36:01 root 304:updating GUI with: 14
11-22 22:36:01 com_github_MitjaNemec_ReplicateLayout.replicate_layout 1137:Remove bounding box top:31625000, bottom:37205000, Left:23810000, Right:33095000
11-22 22:36:01 com_github_MitjaNemec_ReplicateLayout.replicate_layout 1137:Remove bounding box top:21765000, bottom:27345000, Left:54230000, Right:63515000
11-22 22:36:01 root 304:updating GUI with: 42
11-22 22:36:01 com_github_MitjaNemec_ReplicateLayout.replicate_layout 1137:Remove bounding box top:31625000, bottom:37205000, Left:39020000, Right:48305000
11-22 22:36:01 root 304:updating GUI with: 57
11-22 22:36:01 com_github_MitjaNemec_ReplicateLayout.replicate_layout 1137:Remove bounding box top:21765000, bottom:27345000, Left:23810000, Right:33095000
11-22 22:36:01 com_github_MitjaNemec_ReplicateLayout.replicate_layout 1137:Remove bounding box top:21765000, bottom:27345000, Left:39020000, Right:48305000
11-22 22:36:01 root 304:updating GUI with: 85
11-22 22:36:01 com_github_MitjaNemec_ReplicateLayout.replicate_layout 1137:Remove bounding box top:41485000, bottom:47065000, Left:23810000, Right:33095000
11-22 22:36:01 root 299:updating GUI message: 'Replicating tracks'
11-22 22:36:01 com_github_MitjaNemec_ReplicateLayout.replicate_layout 907:Replicating tracks
11-22 22:36:01 com_github_MitjaNemec_ReplicateLayout.replicate_layout 913:Replicating tracks on sheet ['RF domain', 'rf1']
11-22 22:36:01 com_github_MitjaNemec_ReplicateLayout.replicate_layout 737:Net pairs for sheet ['RF domain', 'rf1'] :[('+3V3', '+3V3'), ('RF_SW_1_IN', 'RF_SW_1_IN'), ('unconnected-(U1-Pad1)', 'unconnected-(U2-Pad1)'), ('/RF domain/rf/RF_SW_1_SHIFT', '/RF domain/rf1/RF_SW_1_SHIFT'), ('GND', 'GND'), ('SW_1_CTL', 'SW_1_CTL'), ('/RF domain/rf/RF_SW_1_REF', '/RF domain/rf1/RF_SW_1_REF'), ('RF_SW_2_IN', 'RF_SW_2_IN'), ('/RF domain/rf/VC1_n', '/RF domain/rf1/VC1_n')]
11-22 22:36:01 root 304:updating GUI with: 13
11-22 22:36:01 com_github_MitjaNemec_ReplicateLayout.replicate_layout 913:Replicating tracks on sheet ['RF domain', 'rf2']
11-22 22:36:01 com_github_MitjaNemec_ReplicateLayout.replicate_layout 737:Net pairs for sheet ['RF domain', 'rf2'] :[('+3V3', '+3V3'), ('RF_SW_1_IN', 'RF_SW_1_IN'), ('unconnected-(U1-Pad1)', 'unconnected-(U3-Pad1)'), ('GND', 'GND'), ('/RF domain/rf/RF_SW_1_REF', '/RF domain/rf2/RF_SW_1_REF'), ('/RF domain/rf/VC1_n', '/RF domain/rf2/VC1_n'), ('SW_1_CTL', 'SW_1_CTL'), ('/RF domain/rf/RF_SW_1_SHIFT', '/RF domain/rf2/RF_SW_1_SHIFT'), ('RF_SW_2_IN', 'RF_SW_2_IN')]
11-22 22:36:01 com_github_MitjaNemec_ReplicateLayout.replicate_layout 913:Replicating tracks on sheet ['RF domain', 'rf3']
11-22 22:36:01 com_github_MitjaNemec_ReplicateLayout.replicate_layout 737:Net pairs for sheet ['RF domain', 'rf3'] :[('+3V3', '+3V3'), ('RF_SW_1_IN', 'RF_SW_1_IN'), ('GND', 'GND'), ('/RF domain/rf/RF_SW_1_SHIFT', '/RF domain/rf3/RF_SW_1_SHIFT'), ('unconnected-(U1-Pad1)', 'unconnected-(U4-Pad1)'), ('SW_1_CTL', 'SW_1_CTL'), ('/RF domain/rf/VC1_n', '/RF domain/rf3/VC1_n'), ('/RF domain/rf/RF_SW_1_REF', '/RF domain/rf3/RF_SW_1_REF'), ('RF_SW_2_IN', 'RF_SW_2_IN')]
11-22 22:36:01 com_github_MitjaNemec_ReplicateLayout.replicate_layout 913:Replicating tracks on sheet ['RF domain', 'rf4']
11-22 22:36:01 com_github_MitjaNemec_ReplicateLayout.replicate_layout 737:Net pairs for sheet ['RF domain', 'rf4'] :[('+3V3', '+3V3'), ('unconnected-(U1-Pad1)', 'unconnected-(U5-Pad1)'), ('/RF domain/rf/RF_SW_1_SHIFT', '/RF domain/rf4/RF_SW_1_SHIFT'), ('RF_SW_1_IN', 'RF_SW_1_IN'), ('GND', 'GND'), ('/RF domain/rf/VC1_n', '/RF domain/rf4/VC1_n'), ('SW_1_CTL', 'SW_1_CTL'), ('/RF domain/rf/RF_SW_1_REF', '/RF domain/rf4/RF_SW_1_REF'), ('RF_SW_2_IN', 'RF_SW_2_IN')]
11-22 22:36:01 root 304:updating GUI with: 57
11-22 22:36:01 com_github_MitjaNemec_ReplicateLayout.replicate_layout 913:Replicating tracks on sheet ['RF domain', 'rf5']
11-22 22:36:01 com_github_MitjaNemec_ReplicateLayout.replicate_layout 737:Net pairs for sheet ['RF domain', 'rf5'] :[('+3V3', '+3V3'), ('unconnected-(U1-Pad1)', 'unconnected-(U6-Pad1)'), ('/RF domain/rf/RF_SW_1_REF', '/RF domain/rf5/RF_SW_1_REF'), ('/RF domain/rf/RF_SW_1_SHIFT', '/RF domain/rf5/RF_SW_1_SHIFT'), ('RF_SW_1_IN', 'RF_SW_1_IN'), ('GND', 'GND'), ('/RF domain/rf/VC1_n', '/RF domain/rf5/VC1_n'), ('SW_1_CTL', 'SW_1_CTL'), ('RF_SW_2_IN', 'RF_SW_2_IN')]
11-22 22:36:01 com_github_MitjaNemec_ReplicateLayout.replicate_layout 913:Replicating tracks on sheet ['RF domain', 'rf6']
11-22 22:36:01 com_github_MitjaNemec_ReplicateLayout.replicate_layout 737:Net pairs for sheet ['RF domain', 'rf6'] :[('+3V3', '+3V3'), ('RF_SW_1_IN', 'RF_SW_1_IN'), ('/RF domain/rf/RF_SW_1_REF', '/RF domain/rf6/RF_SW_1_REF'), ('GND', 'GND'), ('SW_1_CTL', 'SW_1_CTL'), ('/RF domain/rf/RF_SW_1_SHIFT', '/RF domain/rf6/RF_SW_1_SHIFT'), ('/RF domain/rf/VC1_n', '/RF domain/rf6/VC1_n'), ('unconnected-(U1-Pad1)', 'unconnected-(U7-Pad1)'), ('RF_SW_2_IN', 'RF_SW_2_IN')]
11-22 22:36:01 com_github_MitjaNemec_ReplicateLayout.replicate_layout 913:Replicating tracks on sheet ['RF domain', 'rf7']
11-22 22:36:01 com_github_MitjaNemec_ReplicateLayout.replicate_layout 737:Net pairs for sheet ['RF domain', 'rf7'] :[('+3V3', '+3V3'), ('RF_SW_1_IN', 'RF_SW_1_IN'), ('GND', 'GND'), ('/RF domain/rf/VC1_n', '/RF domain/rf7/VC1_n'), ('unconnected-(U1-Pad1)', 'unconnected-(U8-Pad1)'), ('/RF domain/rf/RF_SW_1_SHIFT', '/RF domain/rf7/RF_SW_1_SHIFT'), ('SW_1_CTL', 'SW_1_CTL'), ('/RF domain/rf/RF_SW_1_REF', '/RF domain/rf7/RF_SW_1_REF'), ('RF_SW_2_IN', 'RF_SW_2_IN')]
11-22 22:36:01 root 299:updating GUI message: 'Replicating zones'
11-22 22:36:01 com_github_MitjaNemec_ReplicateLayout.replicate_layout 967:Replicating zones
11-22 22:36:01 com_github_MitjaNemec_ReplicateLayout.replicate_layout 974:Replicating zones on sheet ['RF domain', 'rf1']
11-22 22:36:01 com_github_MitjaNemec_ReplicateLayout.replicate_layout 737:Net pairs for sheet ['RF domain', 'rf1'] :[('+3V3', '+3V3'), ('RF_SW_1_IN', 'RF_SW_1_IN'), ('unconnected-(U1-Pad1)', 'unconnected-(U2-Pad1)'), ('/RF domain/rf/RF_SW_1_SHIFT', '/RF domain/rf1/RF_SW_1_SHIFT'), ('GND', 'GND'), ('SW_1_CTL', 'SW_1_CTL'), ('/RF domain/rf/RF_SW_1_REF', '/RF domain/rf1/RF_SW_1_REF'), ('RF_SW_2_IN', 'RF_SW_2_IN'), ('/RF domain/rf/VC1_n', '/RF domain/rf1/VC1_n')]
11-22 22:36:01 root 304:updating GUI with: 14
11-22 22:36:01 com_github_MitjaNemec_ReplicateLayout.replicate_layout 974:Replicating zones on sheet ['RF domain', 'rf2']
11-22 22:36:01 com_github_MitjaNemec_ReplicateLayout.replicate_layout 737:Net pairs for sheet ['RF domain', 'rf2'] :[('+3V3', '+3V3'), ('RF_SW_1_IN', 'RF_SW_1_IN'), ('unconnected-(U1-Pad1)', 'unconnected-(U3-Pad1)'), ('GND', 'GND'), ('/RF domain/rf/RF_SW_1_REF', '/RF domain/rf2/RF_SW_1_REF'), ('/RF domain/rf/VC1_n', '/RF domain/rf2/VC1_n'), ('SW_1_CTL', 'SW_1_CTL'), ('/RF domain/rf/RF_SW_1_SHIFT', '/RF domain/rf2/RF_SW_1_SHIFT'), ('RF_SW_2_IN', 'RF_SW_2_IN')]
11-22 22:36:01 com_github_MitjaNemec_ReplicateLayout.replicate_layout 974:Replicating zones on sheet ['RF domain', 'rf3']
11-22 22:36:01 com_github_MitjaNemec_ReplicateLayout.replicate_layout 737:Net pairs for sheet ['RF domain', 'rf3'] :[('+3V3', '+3V3'), ('RF_SW_1_IN', 'RF_SW_1_IN'), ('GND', 'GND'), ('/RF domain/rf/RF_SW_1_SHIFT', '/RF domain/rf3/RF_SW_1_SHIFT'), ('unconnected-(U1-Pad1)', 'unconnected-(U4-Pad1)'), ('SW_1_CTL', 'SW_1_CTL'), ('/RF domain/rf/VC1_n', '/RF domain/rf3/VC1_n'), ('/RF domain/rf/RF_SW_1_REF', '/RF domain/rf3/RF_SW_1_REF'), ('RF_SW_2_IN', 'RF_SW_2_IN')]
11-22 22:36:01 com_github_MitjaNemec_ReplicateLayout.replicate_layout 974:Replicating zones on sheet ['RF domain', 'rf4']
11-22 22:36:01 com_github_MitjaNemec_ReplicateLayout.replicate_layout 737:Net pairs for sheet ['RF domain', 'rf4'] :[('+3V3', '+3V3'), ('unconnected-(U1-Pad1)', 'unconnected-(U5-Pad1)'), ('/RF domain/rf/RF_SW_1_SHIFT', '/RF domain/rf4/RF_SW_1_SHIFT'), ('RF_SW_1_IN', 'RF_SW_1_IN'), ('GND', 'GND'), ('/RF domain/rf/VC1_n', '/RF domain/rf4/VC1_n'), ('SW_1_CTL', 'SW_1_CTL'), ('/RF domain/rf/RF_SW_1_REF', '/RF domain/rf4/RF_SW_1_REF'), ('RF_SW_2_IN', 'RF_SW_2_IN')]
11-22 22:36:01 com_github_MitjaNemec_ReplicateLayout.replicate_layout 974:Replicating zones on sheet ['RF domain', 'rf5']
11-22 22:36:01 com_github_MitjaNemec_ReplicateLayout.replicate_layout 737:Net pairs for sheet ['RF domain', 'rf5'] :[('+3V3', '+3V3'), ('unconnected-(U1-Pad1)', 'unconnected-(U6-Pad1)'), ('/RF domain/rf/RF_SW_1_REF', '/RF domain/rf5/RF_SW_1_REF'), ('/RF domain/rf/RF_SW_1_SHIFT', '/RF domain/rf5/RF_SW_1_SHIFT'), ('RF_SW_1_IN', 'RF_SW_1_IN'), ('GND', 'GND'), ('/RF domain/rf/VC1_n', '/RF domain/rf5/VC1_n'), ('SW_1_CTL', 'SW_1_CTL'), ('RF_SW_2_IN', 'RF_SW_2_IN')]
11-22 22:36:01 com_github_MitjaNemec_ReplicateLayout.replicate_layout 974:Replicating zones on sheet ['RF domain', 'rf6']
11-22 22:36:01 com_github_MitjaNemec_ReplicateLayout.replicate_layout 737:Net pairs for sheet ['RF domain', 'rf6'] :[('+3V3', '+3V3'), ('RF_SW_1_IN', 'RF_SW_1_IN'), ('/RF domain/rf/RF_SW_1_REF', '/RF domain/rf6/RF_SW_1_REF'), ('GND', 'GND'), ('SW_1_CTL', 'SW_1_CTL'), ('/RF domain/rf/RF_SW_1_SHIFT', '/RF domain/rf6/RF_SW_1_SHIFT'), ('/RF domain/rf/VC1_n', '/RF domain/rf6/VC1_n'), ('unconnected-(U1-Pad1)', 'unconnected-(U7-Pad1)'), ('RF_SW_2_IN', 'RF_SW_2_IN')]
11-22 22:36:01 com_github_MitjaNemec_ReplicateLayout.replicate_layout 974:Replicating zones on sheet ['RF domain', 'rf7']
11-22 22:36:01 com_github_MitjaNemec_ReplicateLayout.replicate_layout 737:Net pairs for sheet ['RF domain', 'rf7'] :[('+3V3', '+3V3'), ('RF_SW_1_IN', 'RF_SW_1_IN'), ('GND', 'GND'), ('/RF domain/rf/VC1_n', '/RF domain/rf7/VC1_n'), ('unconnected-(U1-Pad1)', 'unconnected-(U8-Pad1)'), ('/RF domain/rf/RF_SW_1_SHIFT', '/RF domain/rf7/RF_SW_1_SHIFT'), ('SW_1_CTL', 'SW_1_CTL'), ('/RF domain/rf/RF_SW_1_REF', '/RF domain/rf7/RF_SW_1_REF'), ('RF_SW_2_IN', 'RF_SW_2_IN')]
11-22 22:36:01 root 299:updating GUI message: 'Replicating text'
11-22 22:36:01 com_github_MitjaNemec_ReplicateLayout.replicate_layout 1047:Replicating text
11-22 22:36:01 com_github_MitjaNemec_ReplicateLayout.replicate_layout 1054:Replicating text on sheet ['RF domain', 'rf1']
11-22 22:36:01 com_github_MitjaNemec_ReplicateLayout.replicate_layout 1054:Replicating text on sheet ['RF domain', 'rf2']
11-22 22:36:01 com_github_MitjaNemec_ReplicateLayout.replicate_layout 1054:Replicating text on sheet ['RF domain', 'rf3']
11-22 22:36:01 com_github_MitjaNemec_ReplicateLayout.replicate_layout 1054:Replicating text on sheet ['RF domain', 'rf4']
11-22 22:36:01 com_github_MitjaNemec_ReplicateLayout.replicate_layout 1054:Replicating text on sheet ['RF domain', 'rf5']
11-22 22:36:01 com_github_MitjaNemec_ReplicateLayout.replicate_layout 1054:Replicating text on sheet ['RF domain', 'rf6']
11-22 22:36:01 com_github_MitjaNemec_ReplicateLayout.replicate_layout 1054:Replicating text on sheet ['RF domain', 'rf7']
11-22 22:36:01 root 304:updating GUI with: 100
11-22 22:36:01 root 299:updating GUI message: 'Replicating drawings'
11-22 22:36:01 com_github_MitjaNemec_ReplicateLayout.replicate_layout 1088:Replicating drawings
11-22 22:36:01 com_github_MitjaNemec_ReplicateLayout.replicate_layout 1094:Replicating drawings on sheet ['RF domain', 'rf1']
11-22 22:36:01 com_github_MitjaNemec_ReplicateLayout.replicate_layout 1094:Replicating drawings on sheet ['RF domain', 'rf2']
11-22 22:36:01 com_github_MitjaNemec_ReplicateLayout.replicate_layout 1094:Replicating drawings on sheet ['RF domain', 'rf3']
11-22 22:36:01 com_github_MitjaNemec_ReplicateLayout.replicate_layout 1094:Replicating drawings on sheet ['RF domain', 'rf4']
11-22 22:36:01 com_github_MitjaNemec_ReplicateLayout.replicate_layout 1094:Replicating drawings on sheet ['RF domain', 'rf5']
11-22 22:36:01 com_github_MitjaNemec_ReplicateLayout.replicate_layout 1094:Replicating drawings on sheet ['RF domain', 'rf6']
11-22 22:36:01 com_github_MitjaNemec_ReplicateLayout.replicate_layout 1094:Replicating drawings on sheet ['RF domain', 'rf7']
11-22 22:36:01 com_github_MitjaNemec_ReplicateLayout.action_replicate_layout 223:Replication complete
