License checkout took 0.045 sec
Momentum MomEngine_64 12.00.024 (*) built: Jan 14 2016
Copyright 1992-2016, Keysight Technologies
Simulation started on: Fri Oct 27 15:58:58 2023
Simulation Mode: uW
Substrate valid
Using the minimal snap distance of 0.0004 mm
(4 layout resolution points) for layout healing.

--- WARNING -------------------------------------------------------------------

Pin P2 is positioned on more than one edge.
Move the pin away from any unintended edges.

-------------------------------------------------------------------------------
Layout simplification started
.........|.........|.........|.........| 
Layout simplification finished

--- WARNING -------------------------------------------------------------------

The port setup needed to be corrected:
TML calibration for port "P1" has been changed
to TML (zero length) calibration because the
transmission line of pin "P1" would otherwise
intersect with the layout.

-------------------------------------------------------------------------------

--- WARNING -------------------------------------------------------------------

The port setup needed to be corrected:
TML calibration for port "P2" has been changed
to TML (zero length) calibration because the
transmission line of pin "P2" would otherwise
intersect with the layout.

-------------------------------------------------------------------------------

--- WARNING -------------------------------------------------------------------

The port setup needed to be corrected:
TML calibration for port "P3" has been changed
to TML (zero length) calibration because the
transmission line of pin "P3" would otherwise
intersect with the layout.

-------------------------------------------------------------------------------
Generating mesh at 2.5 GHz...
License checkout took 0.031 sec
S-parameter simulation
S-parameter simulation started
...initializing
...extracting layout
...analyzing ports
Automatic selection: direct compressed matrix solver
Using multi-threading (8 threads)
Matrix size: 10975 (reduced: 10975)

--- WARNING -------------------------------------------------------------------

Port 1 does not have an explicit reference pin, 
S-parameters may become unphysical at higher frequencies.

-------------------------------------------------------------------------------

--- WARNING -------------------------------------------------------------------

Port 2 does not have an explicit reference pin, 
S-parameters may become unphysical at higher frequencies.

-------------------------------------------------------------------------------

--- WARNING -------------------------------------------------------------------

Port 3 does not have an explicit reference pin, 
S-parameters may become unphysical at higher frequencies.

-------------------------------------------------------------------------------
Frequency sweep started
Simulation frequency [1] = 2.3 GHz
...loading Green functions
...creating Basis sections
...allocating interaction matrix
...loading interaction matrix
.........|.........|.........|.........| 
...solving interaction matrix
.........|.........|.........|.........| 
...calibrating ports
.........|.........|.........|.........| 
...calculating S-parameters
Simulation frequency [2] = 2.31 GHz
...loading Green functions
...loading interaction matrix
.........|.........|.........|.........| 
...solving interaction matrix
.........|.........|.........|.........| 
...calibrating ports
.........|.........|.........|.........| 
...calculating S-parameters
Simulation frequency [3] = 2.32 GHz
...loading Green functions
...loading interaction matrix
.........|.........|.........|.........| 
...solving interaction matrix
.........|.........|.........|.........| 
...calibrating ports
.........|.........|.........|.........| 
...calculating S-parameters
Simulation frequency [4] = 2.33 GHz
...loading Green functions
...loading interaction matrix
.........|.........|.........|.........| 
...solving interaction matrix
.........|.........|.........|.........| 
...calibrating ports
.........|.........|.........|.........| 
...calculating S-parameters
Simulation frequency [5] = 2.34 GHz
...loading Green functions
...loading interaction matrix
.........|.........|.........|.........| 
...solving interaction matrix
.........|.........|.........|.........| 
...calibrating ports
.........|.........|.........|.........| 
...calculating S-parameters
Simulation frequency [6] = 2.35 GHz
...loading Green functions
...loading interaction matrix
.........|.........|.........|.........| 
...solving interaction matrix
.........|.........|.........|.........| 
...calibrating ports
.........|.........|.........|.........| 
...calculating S-parameters
Simulation frequency [7] = 2.36 GHz
...loading Green functions
...loading interaction matrix
.........|.........|.........|.........| 
...solving interaction matrix
.........|.........|.........|.........| 
...calibrating ports
.........|.........|.........|.........| 
...calculating S-parameters
Simulation frequency [8] = 2.37 GHz
...loading Green functions
...loading interaction matrix
.........|.........|.........|.........| 
...solving interaction matrix
.........|.........|.........|.........| 
...calibrating ports
.........|.........|.........|.........| 
...calculating S-parameters
Simulation frequency [9] = 2.38 GHz
...loading Green functions
...loading interaction matrix
.........|.........|.........|.........| 
...solving interaction matrix
.........|.........|.........|.........| 
...calibrating ports
.........|.........|.........|.........| 
...calculating S-parameters
Simulation frequency [10] = 2.39 GHz
...loading Green functions
...loading interaction matrix
.........|.........|.........|.........| 
...solving interaction matrix
.........|.........|.........|.........| 
...calibrating ports
.........|.........|.........|.........| 
...calculating S-parameters
Simulation frequency [11] = 2.4 GHz
...loading Green functions
...loading interaction matrix
.........|.........|.........|.........| 
...solving interaction matrix
.........|.........|.........|.........| 
...calibrating ports
.........|.........|.........|.........| 
...calculating S-parameters
Simulation frequency [12] = 2.41 GHz
...loading Green functions
...loading interaction matrix
.........|.........|.........|.........| 
...solving interaction matrix
.........|.........|.........|.........| 
...calibrating ports
.........|.........|.........|.........| 
...calculating S-parameters
Simulation frequency [13] = 2.42 GHz
...loading Green functions
...loading interaction matrix
.........|.........|.........|.........| 
...solving interaction matrix
.........|.........|.........|.........| 
...calibrating ports
.........|.........|.........|.........| 
...calculating S-parameters
Simulation frequency [14] = 2.43 GHz
...loading Green functions
...loading interaction matrix
.........|.........|.........|.........| 
...solving interaction matrix
.........|.........|.........|.........| 
...calibrating ports
.........|.........|.........|.........| 
...calculating S-parameters
Simulation frequency [15] = 2.44 GHz
...loading Green functions
...loading interaction matrix
.........|.........|.........|.........| 
...solving interaction matrix
.........|.........|.........|.........| 
...calibrating ports
.........|.........|.........|.........| 
...calculating S-parameters
Simulation frequency [16] = 2.45 GHz
...loading Green functions
...loading interaction matrix
.........|.........|.........|.........| 
...solving interaction matrix
.........|.........|.........|.........| 
...calibrating ports
.........|.........|.........|.........| 
...calculating S-parameters
Simulation frequency [17] = 2.46 GHz
...loading Green functions
...loading interaction matrix
.........|.........|.........|.........| 
...solving interaction matrix
.........|.........|.........|.........| 
...calibrating ports
.........|.........|.........|.........| 
...calculating S-parameters
Simulation frequency [18] = 2.47 GHz
...loading Green functions
...loading interaction matrix
.........|.........|.........|.........| 
...solving interaction matrix
.........|.........|.........|.........| 
...calibrating ports
.........|.........|.........|.........| 
...calculating S-parameters
Simulation frequency [19] = 2.48 GHz
...loading Green functions
...loading interaction matrix
.........|.........|.........|.........| 
...solving interaction matrix
.........|.........|.........|.........| 
...calibrating ports
.........|.........|.........|.........| 
...calculating S-parameters
Simulation frequency [20] = 2.49 GHz
...loading Green functions
...loading interaction matrix
.........|.........|.........|.........| 
...solving interaction matrix
.........|.........|.........|.........| 
...calibrating ports
.........|.........|.........|.........| 
...calculating S-parameters
Simulation frequency [21] = 2.5 GHz
...loading Green functions
...loading interaction matrix
.........|.........|.........|.........| 
...solving interaction matrix
.........|.........|.........|.........| 
...calibrating ports
.........|.........|.........|.........| 
...calculating S-parameters
S-parameter simulation finished
Simulation finished on: Fri Oct 27 16:10:29 2023
The simulation results have been saved in dataset "patch_v2_MomUW".
