11-12 15:30:34 com_github_MitjaNemec_ReplicateLayout.action_replicate_layout 359:Plugin executed on: 'win32'
11-12 15:30:34 com_github_MitjaNemec_ReplicateLayout.action_replicate_layout 360:Plugin executed with python version: '3.9.10 (main, Feb 11 2022, 04:18:11) [MSC v.1928 64 bit (AMD64)]'
11-12 15:30:34 com_github_MitjaNemec_ReplicateLayout.action_replicate_layout 361:KiCad build version: (6.0.2)
11-12 15:30:34 com_github_MitjaNemec_ReplicateLayout.action_replicate_layout 362:Plugin version: 1.3.5
11-12 15:30:34 com_github_MitjaNemec_ReplicateLayout.action_replicate_layout 363:Frame repr: <wx._core.Frame object at 0x000002B3B9021AF0>
11-12 15:30:34 com_github_MitjaNemec_ReplicateLayout.action_replicate_layout 387:Preparing replicator with U1 as a reference
11-12 15:30:34 com_github_MitjaNemec_ReplicateLayout.replicate_layout 113:getting a list of all footprints on board
11-12 15:30:34 com_github_MitjaNemec_ReplicateLayout.action_replicate_layout 435:source anchor footprint is 'U1'
Located on: ['rf_domain', 'switch_design']
With filenames: ['rf.kicad_sch', 'switch_design.kicad_sch']
With sheet_id:['rf_domain', 'switch_design']
11-12 15:30:34 com_github_MitjaNemec_ReplicateLayout.action_replicate_layout 442:Corresponding footprints are 
[('U7', ['rf_domain', 'switch_design6']), ('U6', ['rf_domain', 'switch_design5']), ('U5', ['rf_domain', 'switch_design4']), ('U4', ['rf_domain', 'switch_design3']), ('U3', ['rf_domain', 'switch_design2']), ('U2', ['rf_domain', 'switch_design1']), ('U1', ['rf_domain', 'switch_design'])]
11-12 15:30:34 com_github_MitjaNemec_ReplicateLayout.action_replicate_layout 454:Showing dialog
11-12 15:30:34 com_github_MitjaNemec_ReplicateLayout.replicate_layout 391:constructing a list of sheets suitable for replication on level:'switch_design', file:'switch_design.kicad_sch'
11-12 15:30:34 com_github_MitjaNemec_ReplicateLayout.replicate_layout 428:suitable sheets are:[['rf_domain', 'switch_design1'], ['rf_domain', 'switch_design2'], ['rf_domain', 'switch_design3'], ['rf_domain', 'switch_design4'], ['rf_domain', 'switch_design5'], ['rf_domain', 'switch_design6']]
11-12 15:30:34 com_github_MitjaNemec_ReplicateLayout.replicate_layout 1356:Level selected: ['rf_domain', 'switch_design']
11-12 15:30:34 com_github_MitjaNemec_ReplicateLayout.replicate_layout 1191:Filtering list of tracks
11-12 15:30:34 com_github_MitjaNemec_ReplicateLayout.action_replicate_layout 460:Toolbar position: wx.Point(1759, 146)
11-12 15:30:34 com_github_MitjaNemec_ReplicateLayout.action_replicate_layout 465:Dialog position: wx.Point(1395, 146)
11-12 15:30:44 com_github_MitjaNemec_ReplicateLayout.replicate_layout 391:constructing a list of sheets suitable for replication on level:'switch_design', file:'switch_design.kicad_sch'
11-12 15:30:44 com_github_MitjaNemec_ReplicateLayout.replicate_layout 428:suitable sheets are:[['rf_domain', 'switch_design1'], ['rf_domain', 'switch_design2'], ['rf_domain', 'switch_design3'], ['rf_domain', 'switch_design4'], ['rf_domain', 'switch_design5'], ['rf_domain', 'switch_design6']]
11-12 15:30:44 com_github_MitjaNemec_ReplicateLayout.action_replicate_layout 207:Replicating layout
11-12 15:30:44 com_github_MitjaNemec_ReplicateLayout.replicate_layout 237:Starting replication of sheets: [['rf_domain', 'switch_design1'], ['rf_domain', 'switch_design2'], ['rf_domain', 'switch_design3'], ['rf_domain', 'switch_design4'], ['rf_domain', 'switch_design5'], ['rf_domain', 'switch_design6']]
on level: ['rf_domain', 'switch_design']
with tracks=True, zone=True, text=True, text=True, intersecting=False, remove=False, locked footprints=False, group_only=False
11-12 15:30:44 root 299:updating GUI message: 'Preparing for replication'
11-12 15:30:44 root 304:updating GUI with: 0
11-12 15:30:44 com_github_MitjaNemec_ReplicateLayout.replicate_layout 307:Getting the list of source footprints
11-12 15:30:44 com_github_MitjaNemec_ReplicateLayout.replicate_layout 317:Getting the list of all the remaining footprints
11-12 15:30:44 com_github_MitjaNemec_ReplicateLayout.replicate_layout 324:Getting source tracks
11-12 15:30:44 com_github_MitjaNemec_ReplicateLayout.replicate_layout 1191:Filtering list of tracks
11-12 15:30:44 com_github_MitjaNemec_ReplicateLayout.replicate_layout 328:Getting source zones
11-12 15:30:44 com_github_MitjaNemec_ReplicateLayout.replicate_layout 332:Getting source text items
11-12 15:30:44 com_github_MitjaNemec_ReplicateLayout.replicate_layout 336:Getting source drawing items
11-12 15:30:44 root 299:updating GUI message: 'Replicating footprints'
11-12 15:30:44 com_github_MitjaNemec_ReplicateLayout.replicate_layout 742:Replicating footprints
11-12 15:30:44 com_github_MitjaNemec_ReplicateLayout.replicate_layout 748:Replicating footprints on sheet ['rf_domain', 'switch_design1']
11-12 15:30:44 root 304:updating GUI with: 2
11-12 15:30:44 com_github_MitjaNemec_ReplicateLayout.replicate_layout 748:Replicating footprints on sheet ['rf_domain', 'switch_design2']
11-12 15:30:44 com_github_MitjaNemec_ReplicateLayout.replicate_layout 748:Replicating footprints on sheet ['rf_domain', 'switch_design3']
11-12 15:30:44 com_github_MitjaNemec_ReplicateLayout.replicate_layout 748:Replicating footprints on sheet ['rf_domain', 'switch_design4']
11-12 15:30:44 root 304:updating GUI with: 59
11-12 15:30:44 com_github_MitjaNemec_ReplicateLayout.replicate_layout 748:Replicating footprints on sheet ['rf_domain', 'switch_design5']
11-12 15:30:44 com_github_MitjaNemec_ReplicateLayout.replicate_layout 748:Replicating footprints on sheet ['rf_domain', 'switch_design6']
11-12 15:30:44 root 299:updating GUI message: 'Replicating tracks'
11-12 15:30:44 com_github_MitjaNemec_ReplicateLayout.replicate_layout 907:Replicating tracks
11-12 15:30:44 com_github_MitjaNemec_ReplicateLayout.replicate_layout 913:Replicating tracks on sheet ['rf_domain', 'switch_design1']
11-12 15:30:44 com_github_MitjaNemec_ReplicateLayout.replicate_layout 737:Net pairs for sheet ['rf_domain', 'switch_design1'] :[('/rf_domain/switch_design/RF_SW_1_C', '/rf_domain/switch_design1/RF_SW_1_C'), ('GND', 'GND'), ('SW_1_CTL', 'SW_1_CTL'), ('/rf_domain/switch_design/VC_n', '/rf_domain/switch_design1/VC_n'), ('/rf_domain/switch_design/RF_SW_1_OUT_C_1', '/rf_domain/switch_design1/RF_SW_1_OUT_C_1'), ('RF_SW_2_OUT', 'RF_SW_2_OUT'), ('/rf_domain/switch_design/RF_SW_2_IN_C_2', '/rf_domain/switch_design1/RF_SW_2_IN_C_2'), ('/rf_domain/switch_design/RF_SW_2_C', '/rf_domain/switch_design1/RF_SW_2_C'), ('+3V3', '+3V3'), ('/rf_domain/switch_design/RF_SW_1_OUT_C_2', '/rf_domain/switch_design1/RF_SW_1_OUT_C_2'), ('/rf_domain/switch_design/RF_SW_2_IN_C_1', '/rf_domain/switch_design1/RF_SW_2_IN_C_1'), ('unconnected-(U1-Pad1)', 'unconnected-(U2-Pad1)'), ('RF_SW_1_IN', 'RF_SW_1_IN')]
11-12 15:30:44 com_github_MitjaNemec_ReplicateLayout.replicate_layout 913:Replicating tracks on sheet ['rf_domain', 'switch_design2']
11-12 15:30:44 com_github_MitjaNemec_ReplicateLayout.replicate_layout 737:Net pairs for sheet ['rf_domain', 'switch_design2'] :[('/rf_domain/switch_design/RF_SW_2_C', '/rf_domain/switch_design2/RF_SW_2_C'), ('GND', 'GND'), ('SW_1_CTL', 'SW_1_CTL'), ('/rf_domain/switch_design/RF_SW_2_IN_C_1', '/rf_domain/switch_design2/RF_SW_2_IN_C_1'), ('/rf_domain/switch_design/RF_SW_2_IN_C_2', '/rf_domain/switch_design2/RF_SW_2_IN_C_2'), ('/rf_domain/switch_design/VC_n', '/rf_domain/switch_design2/VC_n'), ('/rf_domain/switch_design/RF_SW_1_OUT_C_2', '/rf_domain/switch_design2/RF_SW_1_OUT_C_2'), ('RF_SW_2_OUT', 'RF_SW_2_OUT'), ('/rf_domain/switch_design/RF_SW_1_OUT_C_1', '/rf_domain/switch_design2/RF_SW_1_OUT_C_1'), ('/rf_domain/switch_design/RF_SW_1_C', '/rf_domain/switch_design2/RF_SW_1_C'), ('+3V3', '+3V3'), ('RF_SW_1_IN', 'RF_SW_1_IN'), ('unconnected-(U1-Pad1)', 'unconnected-(U3-Pad1)')]
11-12 15:30:44 root 304:updating GUI with: 31
11-12 15:30:44 com_github_MitjaNemec_ReplicateLayout.replicate_layout 913:Replicating tracks on sheet ['rf_domain', 'switch_design3']
11-12 15:30:44 com_github_MitjaNemec_ReplicateLayout.replicate_layout 737:Net pairs for sheet ['rf_domain', 'switch_design3'] :[('GND', 'GND'), ('SW_1_CTL', 'SW_1_CTL'), ('/rf_domain/switch_design/RF_SW_1_OUT_C_2', '/rf_domain/switch_design3/RF_SW_1_OUT_C_2'), ('/rf_domain/switch_design/RF_SW_2_IN_C_2', '/rf_domain/switch_design3/RF_SW_2_IN_C_2'), ('/rf_domain/switch_design/RF_SW_1_OUT_C_1', '/rf_domain/switch_design3/RF_SW_1_OUT_C_1'), ('unconnected-(U1-Pad1)', 'unconnected-(U4-Pad1)'), ('RF_SW_2_OUT', 'RF_SW_2_OUT'), ('/rf_domain/switch_design/RF_SW_2_IN_C_1', '/rf_domain/switch_design3/RF_SW_2_IN_C_1'), ('/rf_domain/switch_design/RF_SW_2_C', '/rf_domain/switch_design3/RF_SW_2_C'), ('+3V3', '+3V3'), ('/rf_domain/switch_design/RF_SW_1_C', '/rf_domain/switch_design3/RF_SW_1_C'), ('RF_SW_1_IN', 'RF_SW_1_IN'), ('/rf_domain/switch_design/VC_n', '/rf_domain/switch_design3/VC_n')]
11-12 15:30:44 com_github_MitjaNemec_ReplicateLayout.replicate_layout 913:Replicating tracks on sheet ['rf_domain', 'switch_design4']
11-12 15:30:44 com_github_MitjaNemec_ReplicateLayout.replicate_layout 737:Net pairs for sheet ['rf_domain', 'switch_design4'] :[('/rf_domain/switch_design/VC_n', '/rf_domain/switch_design4/VC_n'), ('/rf_domain/switch_design/RF_SW_2_IN_C_2', '/rf_domain/switch_design4/RF_SW_2_IN_C_2'), ('/rf_domain/switch_design/RF_SW_1_OUT_C_2', '/rf_domain/switch_design4/RF_SW_1_OUT_C_2'), ('GND', 'GND'), ('SW_1_CTL', 'SW_1_CTL'), ('/rf_domain/switch_design/RF_SW_2_C', '/rf_domain/switch_design4/RF_SW_2_C'), ('/rf_domain/switch_design/RF_SW_2_IN_C_1', '/rf_domain/switch_design4/RF_SW_2_IN_C_1'), ('RF_SW_2_OUT', 'RF_SW_2_OUT'), ('unconnected-(U1-Pad1)', 'unconnected-(U5-Pad1)'), ('+3V3', '+3V3'), ('/rf_domain/switch_design/RF_SW_1_OUT_C_1', '/rf_domain/switch_design4/RF_SW_1_OUT_C_1'), ('/rf_domain/switch_design/RF_SW_1_C', '/rf_domain/switch_design4/RF_SW_1_C'), ('RF_SW_1_IN', 'RF_SW_1_IN')]
11-12 15:30:44 com_github_MitjaNemec_ReplicateLayout.replicate_layout 913:Replicating tracks on sheet ['rf_domain', 'switch_design5']
11-12 15:30:44 com_github_MitjaNemec_ReplicateLayout.replicate_layout 737:Net pairs for sheet ['rf_domain', 'switch_design5'] :[('/rf_domain/switch_design/RF_SW_2_IN_C_1', '/rf_domain/switch_design5/RF_SW_2_IN_C_1'), ('/rf_domain/switch_design/RF_SW_1_C', '/rf_domain/switch_design5/RF_SW_1_C'), ('/rf_domain/switch_design/RF_SW_2_IN_C_2', '/rf_domain/switch_design5/RF_SW_2_IN_C_2'), ('/rf_domain/switch_design/RF_SW_2_C', '/rf_domain/switch_design5/RF_SW_2_C'), ('unconnected-(U1-Pad1)', 'unconnected-(U6-Pad1)'), ('GND', 'GND'), ('SW_1_CTL', 'SW_1_CTL'), ('/rf_domain/switch_design/RF_SW_1_OUT_C_2', '/rf_domain/switch_design5/RF_SW_1_OUT_C_2'), ('/rf_domain/switch_design/VC_n', '/rf_domain/switch_design5/VC_n'), ('RF_SW_2_OUT', 'RF_SW_2_OUT'), ('+3V3', '+3V3'), ('/rf_domain/switch_design/RF_SW_1_OUT_C_1', '/rf_domain/switch_design5/RF_SW_1_OUT_C_1'), ('RF_SW_1_IN', 'RF_SW_1_IN')]
11-12 15:30:44 com_github_MitjaNemec_ReplicateLayout.replicate_layout 913:Replicating tracks on sheet ['rf_domain', 'switch_design6']
11-12 15:30:44 com_github_MitjaNemec_ReplicateLayout.replicate_layout 737:Net pairs for sheet ['rf_domain', 'switch_design6'] :[('unconnected-(U1-Pad1)', 'unconnected-(U7-Pad1)'), ('/rf_domain/switch_design/RF_SW_1_C', '/rf_domain/switch_design6/RF_SW_1_C'), ('/rf_domain/switch_design/RF_SW_1_OUT_C_1', '/rf_domain/switch_design6/RF_SW_1_OUT_C_1'), ('GND', 'GND'), ('/rf_domain/switch_design/VC_n', '/rf_domain/switch_design6/VC_n'), ('SW_1_CTL', 'SW_1_CTL'), ('/rf_domain/switch_design/RF_SW_2_C', '/rf_domain/switch_design6/RF_SW_2_C'), ('/rf_domain/switch_design/RF_SW_2_IN_C_1', '/rf_domain/switch_design6/RF_SW_2_IN_C_1'), ('RF_SW_2_OUT', 'RF_SW_2_OUT'), ('+3V3', '+3V3'), ('/rf_domain/switch_design/RF_SW_2_IN_C_2', '/rf_domain/switch_design6/RF_SW_2_IN_C_2'), ('RF_SW_1_IN', 'RF_SW_1_IN'), ('/rf_domain/switch_design/RF_SW_1_OUT_C_2', '/rf_domain/switch_design6/RF_SW_1_OUT_C_2')]
11-12 15:30:44 root 299:updating GUI message: 'Replicating zones'
11-12 15:30:44 com_github_MitjaNemec_ReplicateLayout.replicate_layout 967:Replicating zones
11-12 15:30:44 com_github_MitjaNemec_ReplicateLayout.replicate_layout 974:Replicating zones on sheet ['rf_domain', 'switch_design1']
11-12 15:30:44 com_github_MitjaNemec_ReplicateLayout.replicate_layout 737:Net pairs for sheet ['rf_domain', 'switch_design1'] :[('/rf_domain/switch_design/RF_SW_1_C', '/rf_domain/switch_design1/RF_SW_1_C'), ('GND', 'GND'), ('SW_1_CTL', 'SW_1_CTL'), ('/rf_domain/switch_design/VC_n', '/rf_domain/switch_design1/VC_n'), ('/rf_domain/switch_design/RF_SW_1_OUT_C_1', '/rf_domain/switch_design1/RF_SW_1_OUT_C_1'), ('RF_SW_2_OUT', 'RF_SW_2_OUT'), ('/rf_domain/switch_design/RF_SW_2_IN_C_2', '/rf_domain/switch_design1/RF_SW_2_IN_C_2'), ('/rf_domain/switch_design/RF_SW_2_C', '/rf_domain/switch_design1/RF_SW_2_C'), ('+3V3', '+3V3'), ('/rf_domain/switch_design/RF_SW_1_OUT_C_2', '/rf_domain/switch_design1/RF_SW_1_OUT_C_2'), ('/rf_domain/switch_design/RF_SW_2_IN_C_1', '/rf_domain/switch_design1/RF_SW_2_IN_C_1'), ('unconnected-(U1-Pad1)', 'unconnected-(U2-Pad1)'), ('RF_SW_1_IN', 'RF_SW_1_IN')]
11-12 15:30:44 com_github_MitjaNemec_ReplicateLayout.replicate_layout 974:Replicating zones on sheet ['rf_domain', 'switch_design2']
11-12 15:30:44 com_github_MitjaNemec_ReplicateLayout.replicate_layout 737:Net pairs for sheet ['rf_domain', 'switch_design2'] :[('/rf_domain/switch_design/RF_SW_2_C', '/rf_domain/switch_design2/RF_SW_2_C'), ('GND', 'GND'), ('SW_1_CTL', 'SW_1_CTL'), ('/rf_domain/switch_design/RF_SW_2_IN_C_1', '/rf_domain/switch_design2/RF_SW_2_IN_C_1'), ('/rf_domain/switch_design/RF_SW_2_IN_C_2', '/rf_domain/switch_design2/RF_SW_2_IN_C_2'), ('/rf_domain/switch_design/VC_n', '/rf_domain/switch_design2/VC_n'), ('/rf_domain/switch_design/RF_SW_1_OUT_C_2', '/rf_domain/switch_design2/RF_SW_1_OUT_C_2'), ('RF_SW_2_OUT', 'RF_SW_2_OUT'), ('/rf_domain/switch_design/RF_SW_1_OUT_C_1', '/rf_domain/switch_design2/RF_SW_1_OUT_C_1'), ('/rf_domain/switch_design/RF_SW_1_C', '/rf_domain/switch_design2/RF_SW_1_C'), ('+3V3', '+3V3'), ('RF_SW_1_IN', 'RF_SW_1_IN'), ('unconnected-(U1-Pad1)', 'unconnected-(U3-Pad1)')]
11-12 15:30:44 com_github_MitjaNemec_ReplicateLayout.replicate_layout 974:Replicating zones on sheet ['rf_domain', 'switch_design3']
11-12 15:30:44 com_github_MitjaNemec_ReplicateLayout.replicate_layout 737:Net pairs for sheet ['rf_domain', 'switch_design3'] :[('GND', 'GND'), ('SW_1_CTL', 'SW_1_CTL'), ('/rf_domain/switch_design/RF_SW_1_OUT_C_2', '/rf_domain/switch_design3/RF_SW_1_OUT_C_2'), ('/rf_domain/switch_design/RF_SW_2_IN_C_2', '/rf_domain/switch_design3/RF_SW_2_IN_C_2'), ('/rf_domain/switch_design/RF_SW_1_OUT_C_1', '/rf_domain/switch_design3/RF_SW_1_OUT_C_1'), ('unconnected-(U1-Pad1)', 'unconnected-(U4-Pad1)'), ('RF_SW_2_OUT', 'RF_SW_2_OUT'), ('/rf_domain/switch_design/RF_SW_2_IN_C_1', '/rf_domain/switch_design3/RF_SW_2_IN_C_1'), ('/rf_domain/switch_design/RF_SW_2_C', '/rf_domain/switch_design3/RF_SW_2_C'), ('+3V3', '+3V3'), ('/rf_domain/switch_design/RF_SW_1_C', '/rf_domain/switch_design3/RF_SW_1_C'), ('RF_SW_1_IN', 'RF_SW_1_IN'), ('/rf_domain/switch_design/VC_n', '/rf_domain/switch_design3/VC_n')]
11-12 15:30:44 com_github_MitjaNemec_ReplicateLayout.replicate_layout 974:Replicating zones on sheet ['rf_domain', 'switch_design4']
11-12 15:30:44 com_github_MitjaNemec_ReplicateLayout.replicate_layout 737:Net pairs for sheet ['rf_domain', 'switch_design4'] :[('/rf_domain/switch_design/VC_n', '/rf_domain/switch_design4/VC_n'), ('/rf_domain/switch_design/RF_SW_2_IN_C_2', '/rf_domain/switch_design4/RF_SW_2_IN_C_2'), ('/rf_domain/switch_design/RF_SW_1_OUT_C_2', '/rf_domain/switch_design4/RF_SW_1_OUT_C_2'), ('GND', 'GND'), ('SW_1_CTL', 'SW_1_CTL'), ('/rf_domain/switch_design/RF_SW_2_C', '/rf_domain/switch_design4/RF_SW_2_C'), ('/rf_domain/switch_design/RF_SW_2_IN_C_1', '/rf_domain/switch_design4/RF_SW_2_IN_C_1'), ('RF_SW_2_OUT', 'RF_SW_2_OUT'), ('unconnected-(U1-Pad1)', 'unconnected-(U5-Pad1)'), ('+3V3', '+3V3'), ('/rf_domain/switch_design/RF_SW_1_OUT_C_1', '/rf_domain/switch_design4/RF_SW_1_OUT_C_1'), ('/rf_domain/switch_design/RF_SW_1_C', '/rf_domain/switch_design4/RF_SW_1_C'), ('RF_SW_1_IN', 'RF_SW_1_IN')]
11-12 15:30:44 com_github_MitjaNemec_ReplicateLayout.replicate_layout 974:Replicating zones on sheet ['rf_domain', 'switch_design5']
11-12 15:30:44 com_github_MitjaNemec_ReplicateLayout.replicate_layout 737:Net pairs for sheet ['rf_domain', 'switch_design5'] :[('/rf_domain/switch_design/RF_SW_2_IN_C_1', '/rf_domain/switch_design5/RF_SW_2_IN_C_1'), ('/rf_domain/switch_design/RF_SW_1_C', '/rf_domain/switch_design5/RF_SW_1_C'), ('/rf_domain/switch_design/RF_SW_2_IN_C_2', '/rf_domain/switch_design5/RF_SW_2_IN_C_2'), ('/rf_domain/switch_design/RF_SW_2_C', '/rf_domain/switch_design5/RF_SW_2_C'), ('unconnected-(U1-Pad1)', 'unconnected-(U6-Pad1)'), ('GND', 'GND'), ('SW_1_CTL', 'SW_1_CTL'), ('/rf_domain/switch_design/RF_SW_1_OUT_C_2', '/rf_domain/switch_design5/RF_SW_1_OUT_C_2'), ('/rf_domain/switch_design/VC_n', '/rf_domain/switch_design5/VC_n'), ('RF_SW_2_OUT', 'RF_SW_2_OUT'), ('+3V3', '+3V3'), ('/rf_domain/switch_design/RF_SW_1_OUT_C_1', '/rf_domain/switch_design5/RF_SW_1_OUT_C_1'), ('RF_SW_1_IN', 'RF_SW_1_IN')]
11-12 15:30:44 root 304:updating GUI with: 83
11-12 15:30:44 com_github_MitjaNemec_ReplicateLayout.replicate_layout 974:Replicating zones on sheet ['rf_domain', 'switch_design6']
11-12 15:30:44 com_github_MitjaNemec_ReplicateLayout.replicate_layout 737:Net pairs for sheet ['rf_domain', 'switch_design6'] :[('unconnected-(U1-Pad1)', 'unconnected-(U7-Pad1)'), ('/rf_domain/switch_design/RF_SW_1_C', '/rf_domain/switch_design6/RF_SW_1_C'), ('/rf_domain/switch_design/RF_SW_1_OUT_C_1', '/rf_domain/switch_design6/RF_SW_1_OUT_C_1'), ('GND', 'GND'), ('/rf_domain/switch_design/VC_n', '/rf_domain/switch_design6/VC_n'), ('SW_1_CTL', 'SW_1_CTL'), ('/rf_domain/switch_design/RF_SW_2_C', '/rf_domain/switch_design6/RF_SW_2_C'), ('/rf_domain/switch_design/RF_SW_2_IN_C_1', '/rf_domain/switch_design6/RF_SW_2_IN_C_1'), ('RF_SW_2_OUT', 'RF_SW_2_OUT'), ('+3V3', '+3V3'), ('/rf_domain/switch_design/RF_SW_2_IN_C_2', '/rf_domain/switch_design6/RF_SW_2_IN_C_2'), ('RF_SW_1_IN', 'RF_SW_1_IN'), ('/rf_domain/switch_design/RF_SW_1_OUT_C_2', '/rf_domain/switch_design6/RF_SW_1_OUT_C_2')]
11-12 15:30:44 root 299:updating GUI message: 'Replicating text'
11-12 15:30:44 com_github_MitjaNemec_ReplicateLayout.replicate_layout 1047:Replicating text
11-12 15:30:44 com_github_MitjaNemec_ReplicateLayout.replicate_layout 1054:Replicating text on sheet ['rf_domain', 'switch_design1']
11-12 15:30:44 com_github_MitjaNemec_ReplicateLayout.replicate_layout 1054:Replicating text on sheet ['rf_domain', 'switch_design2']
11-12 15:30:44 com_github_MitjaNemec_ReplicateLayout.replicate_layout 1054:Replicating text on sheet ['rf_domain', 'switch_design3']
11-12 15:30:44 com_github_MitjaNemec_ReplicateLayout.replicate_layout 1054:Replicating text on sheet ['rf_domain', 'switch_design4']
11-12 15:30:44 com_github_MitjaNemec_ReplicateLayout.replicate_layout 1054:Replicating text on sheet ['rf_domain', 'switch_design5']
11-12 15:30:44 com_github_MitjaNemec_ReplicateLayout.replicate_layout 1054:Replicating text on sheet ['rf_domain', 'switch_design6']
11-12 15:30:44 root 299:updating GUI message: 'Replicating drawings'
11-12 15:30:44 com_github_MitjaNemec_ReplicateLayout.replicate_layout 1088:Replicating drawings
11-12 15:30:44 com_github_MitjaNemec_ReplicateLayout.replicate_layout 1094:Replicating drawings on sheet ['rf_domain', 'switch_design1']
11-12 15:30:44 com_github_MitjaNemec_ReplicateLayout.replicate_layout 1094:Replicating drawings on sheet ['rf_domain', 'switch_design2']
11-12 15:30:44 com_github_MitjaNemec_ReplicateLayout.replicate_layout 1094:Replicating drawings on sheet ['rf_domain', 'switch_design3']
11-12 15:30:44 com_github_MitjaNemec_ReplicateLayout.replicate_layout 1094:Replicating drawings on sheet ['rf_domain', 'switch_design4']
11-12 15:30:44 com_github_MitjaNemec_ReplicateLayout.replicate_layout 1094:Replicating drawings on sheet ['rf_domain', 'switch_design5']
11-12 15:30:44 com_github_MitjaNemec_ReplicateLayout.replicate_layout 1094:Replicating drawings on sheet ['rf_domain', 'switch_design6']
11-12 15:30:44 com_github_MitjaNemec_ReplicateLayout.action_replicate_layout 223:Replication complete
